<?xml version="1.0" encoding="UTF-8" ?>
<testsuite tests="33" failures="0" name="org.opensrp.web.it.DrishtiSchedulesIntegrationTest" time="53.199" errors="0" skipped="8">
  <properties>
[...]
</properties>
  <testcase classname="org.opensrp.web.it.DrishtiSchedulesIntegrationTest" name="shouldProvideAlertsForLabRemindersATheRightTimes" time="5.618"/>
  <testcase classname="org.opensrp.web.it.DrishtiSchedulesIntegrationTest" name="shouldProvideAlertsForExpectedDateOfDeliveryAtTheRightTimes" time="2.559"/>
  <testcase classname="org.opensrp.web.it.DrishtiSchedulesIntegrationTest" name="shouldProvideAlertsForBCG" time="2.559">
    <skipped/>
  </testcase>
  <testcase classname="org.opensrp.web.it.DrishtiSchedulesIntegrationTest" name="shouldProvideAlertsForOPV0AndOPV1" time="2.559">
    <skipped/>
  </testcase>
  <testcase classname="org.opensrp.web.it.DrishtiSchedulesIntegrationTest" name="shouldProvideAlertsForOPV2" time="2.559">
    <skipped/>
  </testcase>
  <testcase classname="org.opensrp.web.it.DrishtiSchedulesIntegrationTest" name="shouldProvideAlertsForOPV3" time="2.559">
    <skipped/>
  </testcase>
  <testcase classname="org.opensrp.web.it.DrishtiSchedulesIntegrationTest" name="shouldProvideAlertsForOPVBooster" time="1.222"/>
  <testcase classname="org.opensrp.web.it.DrishtiSchedulesIntegrationTest" name="shouldProvideAlertForMeaslesVaccination" time="1.222">
    <skipped/>
  </testcase>
  <testcase classname="org.opensrp.web.it.DrishtiSchedulesIntegrationTest" name="shouldProvideAlertForDPTBooster1Vaccination" time="1.869"/>
  <testcase classname="org.opensrp.web.it.DrishtiSchedulesIntegrationTest" name="shouldProvideAlertForDPTBooster2Vaccination" time="1.054"/>
  <testcase classname="org.opensrp.web.it.DrishtiSchedulesIntegrationTest" name="shouldProvideAlertsForPentavalent1" time="2.968"/>
  <testcase classname="org.opensrp.web.it.DrishtiSchedulesIntegrationTest" name="shouldProvideAlertsForPentavalent2" time="1.916"/>
  <testcase classname="org.opensrp.web.it.DrishtiSchedulesIntegrationTest" name="shouldProvideAlertsForPentavalent3" time="1.815"/>
  <testcase classname="org.opensrp.web.it.DrishtiSchedulesIntegrationTest" name="shouldProvideAlertForBoosterDoses" time="1.816">
    <skipped/>
  </testcase>
  <testcase classname="org.opensrp.web.it.DrishtiSchedulesIntegrationTest" name="shouldProvideAlertsForPNCCloseAtTheRightTimes" time="1.291"/>
  <testcase classname="org.opensrp.web.it.DrishtiSchedulesIntegrationTest" name="shouldProvideAlertsForDMPAInjectableRefillAtTheRightTimes" time="1.665"/>
  <testcase classname="org.opensrp.web.it.DrishtiSchedulesIntegrationTest" name="shouldProvideAlertsForOCPRefillAtTheRightTimes" time="1.171"/>
  <testcase classname="org.opensrp.web.it.DrishtiSchedulesIntegrationTest" name="shouldProvideAlertsForCondomRefillAtTheRightTimes" time="0.883"/>
  <testcase classname="org.opensrp.web.it.DrishtiSchedulesIntegrationTest" name="shouldProvideAlertsForFemaleSterilizationFollowupAtTheRightTimes" time="5.6"/>
  <testcase classname="org.opensrp.web.it.DrishtiSchedulesIntegrationTest" name="shouldProvideAlertsForMaleSterilizationFollowupAtTheRightTimes" time="2.623"/>
  <testcase classname="org.opensrp.web.it.DrishtiSchedulesIntegrationTest" name="shouldProvideAlertsForIUDFollowupAtTheRightTimes" time="3.036"/>
  <testcase classname="org.opensrp.web.it.DrishtiSchedulesIntegrationTest" name="shouldProvideAlertsForFPFollowupAtTheRightTimes" time="1.46"/>
  <testcase classname="org.opensrp.web.it.DrishtiSchedulesIntegrationTest" name="shouldProvideAlertsForFPReferralFollowupAtTheRightTimes" time="2.151"/>
  <testcase classname="org.opensrp.web.it.DrishtiSchedulesIntegrationTest" name="shouldProvideAlertsForTT1AtTheRightTimes" time="2.151">
    <skipped/>
  </testcase>
  <testcase classname="org.opensrp.web.it.DrishtiSchedulesIntegrationTest" name="shouldProvideAlertsForTT2AtTheRightTimes" time="2.151">
    <skipped/>
  </testcase>
  <testcase classname="org.opensrp.web.it.DrishtiSchedulesIntegrationTest" name="shouldProvideAlertsForIFA1" time="1.711"/>
  <testcase classname="org.opensrp.web.it.DrishtiSchedulesIntegrationTest" name="shouldProvideAlertsForIFA2" time="1.356"/>
  <testcase classname="org.opensrp.web.it.DrishtiSchedulesIntegrationTest" name="shouldProvideAlertsForIFA3" time="1.244"/>
  <testcase classname="org.opensrp.web.it.DrishtiSchedulesIntegrationTest" name="shouldProvideAlertsForHbTest1AtTheRightTimes" time="1.153"/>
  <testcase classname="org.opensrp.web.it.DrishtiSchedulesIntegrationTest" name="shouldProvideAlertsForHbFollowupTestAtTheRightTimes" time="2.287"/>
  <testcase classname="org.opensrp.web.it.DrishtiSchedulesIntegrationTest" name="shouldProvideAlertsForHbTest2AtTheRightTimes" time="1.116"/>
  <testcase classname="org.opensrp.web.it.DrishtiSchedulesIntegrationTest" name="shouldProvideAlertsForDeliveryPlanAtTheRightTimes" time="1.648"/>
  <testcase classname="org.opensrp.web.it.DrishtiSchedulesIntegrationTest" name="shouldProvideAlertsForANCAtTheRightTimes" time="3.768"/>
</testsuite>