<?xml version="1.0" encoding="UTF-8" ?>
<testsuite tests="33" failures="0" name="org.opensrp.web.it.DrishtiSchedulesIntegrationTest" time="46.167" errors="0" skipped="8">
  <properties>
[...]
</properties>
  <testcase classname="org.opensrp.web.it.DrishtiSchedulesIntegrationTest" name="shouldProvideAlertsForANCAtTheRightTimes" time="4.725"/>
  <testcase classname="org.opensrp.web.it.DrishtiSchedulesIntegrationTest" name="shouldProvideAlertsForLabRemindersATheRightTimes" time="1.029"/>
  <testcase classname="org.opensrp.web.it.DrishtiSchedulesIntegrationTest" name="shouldProvideAlertsForExpectedDateOfDeliveryAtTheRightTimes" time="1.29"/>
  <testcase classname="org.opensrp.web.it.DrishtiSchedulesIntegrationTest" name="shouldProvideAlertsForBCG" time="1.29">
    <skipped/>
  </testcase>
  <testcase classname="org.opensrp.web.it.DrishtiSchedulesIntegrationTest" name="shouldProvideAlertsForOPV0AndOPV1" time="1.29">
    <skipped/>
  </testcase>
  <testcase classname="org.opensrp.web.it.DrishtiSchedulesIntegrationTest" name="shouldProvideAlertsForOPV2" time="1.29">
    <skipped/>
  </testcase>
  <testcase classname="org.opensrp.web.it.DrishtiSchedulesIntegrationTest" name="shouldProvideAlertsForOPV3" time="1.29">
    <skipped/>
  </testcase>
  <testcase classname="org.opensrp.web.it.DrishtiSchedulesIntegrationTest" name="shouldProvideAlertsForOPVBooster" time="1.155"/>
  <testcase classname="org.opensrp.web.it.DrishtiSchedulesIntegrationTest" name="shouldProvideAlertForMeaslesVaccination" time="1.155">
    <skipped/>
  </testcase>
  <testcase classname="org.opensrp.web.it.DrishtiSchedulesIntegrationTest" name="shouldProvideAlertForDPTBooster1Vaccination" time="1.904"/>
  <testcase classname="org.opensrp.web.it.DrishtiSchedulesIntegrationTest" name="shouldProvideAlertForDPTBooster2Vaccination" time="1.156"/>
  <testcase classname="org.opensrp.web.it.DrishtiSchedulesIntegrationTest" name="shouldProvideAlertsForPentavalent1" time="1.348"/>
  <testcase classname="org.opensrp.web.it.DrishtiSchedulesIntegrationTest" name="shouldProvideAlertsForPentavalent2" time="1.418"/>
  <testcase classname="org.opensrp.web.it.DrishtiSchedulesIntegrationTest" name="shouldProvideAlertsForPentavalent3" time="1.421"/>
  <testcase classname="org.opensrp.web.it.DrishtiSchedulesIntegrationTest" name="shouldProvideAlertForBoosterDoses" time="1.421">
    <skipped/>
  </testcase>
  <testcase classname="org.opensrp.web.it.DrishtiSchedulesIntegrationTest" name="shouldProvideAlertsForPNCCloseAtTheRightTimes" time="0.989"/>
  <testcase classname="org.opensrp.web.it.DrishtiSchedulesIntegrationTest" name="shouldProvideAlertsForDMPAInjectableRefillAtTheRightTimes" time="1.272"/>
  <testcase classname="org.opensrp.web.it.DrishtiSchedulesIntegrationTest" name="shouldProvideAlertsForOCPRefillAtTheRightTimes" time="1.255"/>
  <testcase classname="org.opensrp.web.it.DrishtiSchedulesIntegrationTest" name="shouldProvideAlertsForCondomRefillAtTheRightTimes" time="1.162"/>
  <testcase classname="org.opensrp.web.it.DrishtiSchedulesIntegrationTest" name="shouldProvideAlertsForFemaleSterilizationFollowupAtTheRightTimes" time="2.878"/>
  <testcase classname="org.opensrp.web.it.DrishtiSchedulesIntegrationTest" name="shouldProvideAlertsForMaleSterilizationFollowupAtTheRightTimes" time="2.125"/>
  <testcase classname="org.opensrp.web.it.DrishtiSchedulesIntegrationTest" name="shouldProvideAlertsForIUDFollowupAtTheRightTimes" time="2.365"/>
  <testcase classname="org.opensrp.web.it.DrishtiSchedulesIntegrationTest" name="shouldProvideAlertsForFPFollowupAtTheRightTimes" time="1.392"/>
  <testcase classname="org.opensrp.web.it.DrishtiSchedulesIntegrationTest" name="shouldProvideAlertsForFPReferralFollowupAtTheRightTimes" time="2.177"/>
  <testcase classname="org.opensrp.web.it.DrishtiSchedulesIntegrationTest" name="shouldProvideAlertsForTT1AtTheRightTimes" time="2.177">
    <skipped/>
  </testcase>
  <testcase classname="org.opensrp.web.it.DrishtiSchedulesIntegrationTest" name="shouldProvideAlertsForTT2AtTheRightTimes" time="2.177">
    <skipped/>
  </testcase>
  <testcase classname="org.opensrp.web.it.DrishtiSchedulesIntegrationTest" name="shouldProvideAlertsForIFA1" time="3.134"/>
  <testcase classname="org.opensrp.web.it.DrishtiSchedulesIntegrationTest" name="shouldProvideAlertsForIFA2" time="2.37"/>
  <testcase classname="org.opensrp.web.it.DrishtiSchedulesIntegrationTest" name="shouldProvideAlertsForIFA3" time="2.441"/>
  <testcase classname="org.opensrp.web.it.DrishtiSchedulesIntegrationTest" name="shouldProvideAlertsForHbTest1AtTheRightTimes" time="1.458"/>
  <testcase classname="org.opensrp.web.it.DrishtiSchedulesIntegrationTest" name="shouldProvideAlertsForHbFollowupTestAtTheRightTimes" time="2.152"/>
  <testcase classname="org.opensrp.web.it.DrishtiSchedulesIntegrationTest" name="shouldProvideAlertsForHbTest2AtTheRightTimes" time="1.955"/>
  <testcase classname="org.opensrp.web.it.DrishtiSchedulesIntegrationTest" name="shouldProvideAlertsForDeliveryPlanAtTheRightTimes" time="1.585"/>
</testsuite>